<?xml version="1.0" encoding="UTF-8"?>
<testng-results skipped="0" failed="0" ignored="0" total="1" passed="1">
  <reporter-output>
  </reporter-output>
  <suite name="Default suite" duration-ms="79351" started-at="2020-03-22T08:20:47Z" finished-at="2020-03-22T08:22:06Z">
    <groups>
    </groups>
    <test name="Default test" duration-ms="79351" started-at="2020-03-22T08:20:47Z" finished-at="2020-03-22T08:22:06Z">
      <class name="Test_Data_Login_page">
        <test-method status="PASS" signature="Login()[pri:0, instance:Test_Data_Login_page@d56d67]" name="Login" duration-ms="79319" started-at="2020-03-22T13:50:47Z" finished-at="2020-03-22T13:52:06Z">
          <reporter-output>
          </reporter-output>
        </test-method> <!-- Login -->
      </class> <!-- Test_Data_Login_page -->
    </test> <!-- Default test -->
  </suite> <!-- Default suite -->
</testng-results>
